Already up to date.

From https://github.com/TemirlanYes/FarmerMarketSystem
   5e22ec1..814e11d  master     -> origin/master
warning: unable to access '/Users/temiryes/.config/git/attributes': Permission denied
warning: unable to access '/Users/temiryes/.config/git/ignore': Permission denied
warning: unable to access '/Users/temiryes/.config/git/attributes': Permission denied
Updating 5e22ec1..814e11d
Fast-forward
warning: unable to access '/Users/temiryes/.config/git/attributes': Permission denied
warning: unable to access '/Users/temiryes/.config/git/attributes': Permission denied
 testsite/old.php | 2 +-
 1 file changed, 1 insertion(+), 1 deletion(-)

From https://github.com/TemirlanYes/FarmerMarketSystem
   814e11d..ebfc434  master     -> origin/master
warning: unable to access '/Users/temiryes/.config/git/attributes': Permission denied
warning: unable to access '/Users/temiryes/.config/git/ignore': Permission denied
warning: unable to access '/Users/temiryes/.config/git/attributes': Permission denied
Updating 814e11d..ebfc434
Fast-forward
warning: unable to access '/Users/temiryes/.config/git/attributes': Permission denied
warning: unable to access '/Users/temiryes/.config/git/attributes': Permission denied
 testsite/old.php | 2 +-
 1 file changed, 1 insertion(+), 1 deletion(-)

From https://github.com/TemirlanYes/FarmerMarketSystem
   ebfc434..fcc14b0  master     -> origin/master
warning: unable to access '/Users/temiryes/.config/git/attributes': Permission denied
warning: unable to access '/Users/temiryes/.config/git/ignore': Permission denied
warning: unable to access '/Users/temiryes/.config/git/attributes': Permission denied
Updating ebfc434..fcc14b0
Fast-forward
warning: unable to access '/Users/temiryes/.config/git/attributes': Permission denied
warning: unable to access '/Users/temiryes/.config/git/attributes': Permission denied
 testsite/old.php | 4 ++--
 1 file changed, 2 insertions(+), 2 deletions(-)

From https://github.com/TemirlanYes/FarmerMarketSystem
   fcc14b0..9f12bbc  master     -> origin/master
warning: unable to access '/Users/temiryes/.config/git/attributes': Permission denied
warning: unable to access '/Users/temiryes/.config/git/ignore': Permission denied
warning: unable to access '/Users/temiryes/.config/git/attributes': Permission denied
Updating fcc14b0..9f12bbc
Fast-forward
warning: unable to access '/Users/temiryes/.config/git/attributes': Permission denied
warning: unable to access '/Users/temiryes/.config/git/attributes': Permission denied
 testsite/old.php | 2 +-
 1 file changed, 1 insertion(+), 1 deletion(-)

From https://github.com/TemirlanYes/FarmerMarketSystem
   9f12bbc..6f62cc9  master     -> origin/master
warning: unable to access '/Users/temiryes/.config/git/attributes': Permission denied
warning: unable to access '/Users/temiryes/.config/git/ignore': Permission denied
warning: unable to access '/Users/temiryes/.config/git/attributes': Permission denied
Updating 9f12bbc..6f62cc9
Fast-forward
warning: unable to access '/Users/temiryes/.config/git/attributes': Permission denied
warning: unable to access '/Users/temiryes/.config/git/attributes': Permission denied
 site url (changes) | 2 ++
 1 file changed, 2 insertions(+)
 create mode 100644 site url (changes)

Already up to date.

